  Function.cpp
c:\users\haneol choi\desktop\multifms_0526\multifms_0526\function.cpp(593): warning C4018: '<': signed 또는 unsigned가 일치하지 않습니다.
c:\users\haneol choi\desktop\multifms_0526\multifms_0526\function.cpp(602): warning C4018: '<': signed 또는 unsigned가 일치하지 않습니다.
c:\users\haneol choi\desktop\multifms_0526\multifms_0526\function.cpp(642): warning C4018: '<': signed 또는 unsigned가 일치하지 않습니다.
c:\users\haneol choi\desktop\multifms_0526\multifms_0526\function.cpp(703): warning C4018: '<': signed 또는 unsigned가 일치하지 않습니다.
c:\users\haneol choi\desktop\multifms_0526\multifms_0526\function.cpp(770): warning C4018: '<': signed 또는 unsigned가 일치하지 않습니다.
c:\users\haneol choi\desktop\multifms_0526\multifms_0526\function.cpp(795): warning C4018: '<': signed 또는 unsigned가 일치하지 않습니다.
c:\users\haneol choi\desktop\multifms_0526\multifms_0526\function.cpp(821): warning C4018: '<': signed 또는 unsigned가 일치하지 않습니다.
c:\users\haneol choi\desktop\multifms_0526\multifms_0526\function.cpp(884): warning C4018: '<': signed 또는 unsigned가 일치하지 않습니다.
c:\users\haneol choi\desktop\multifms_0526\multifms_0526\function.cpp(893): warning C4018: '<': signed 또는 unsigned가 일치하지 않습니다.
c:\users\haneol choi\desktop\multifms_0526\multifms_0526\function.cpp(906): warning C4018: '<': signed 또는 unsigned가 일치하지 않습니다.
c:\users\haneol choi\desktop\multifms_0526\multifms_0526\function.cpp(916): warning C4018: '<': signed 또는 unsigned가 일치하지 않습니다.
c:\users\haneol choi\desktop\multifms_0526\multifms_0526\function.cpp(936): warning C4018: '<': signed 또는 unsigned가 일치하지 않습니다.
c:\users\haneol choi\desktop\multifms_0526\multifms_0526\function.cpp(958): warning C4018: '<': signed 또는 unsigned가 일치하지 않습니다.
c:\users\haneol choi\desktop\multifms_0526\multifms_0526\function.cpp(988): warning C4018: '<': signed 또는 unsigned가 일치하지 않습니다.
c:\users\haneol choi\desktop\multifms_0526\multifms_0526\function.cpp(1041): warning C4018: '<': signed 또는 unsigned가 일치하지 않습니다.
c:\users\haneol choi\desktop\multifms_0526\multifms_0526\function.cpp(1085): warning C4018: '<': signed 또는 unsigned가 일치하지 않습니다.
c:\users\haneol choi\desktop\multifms_0526\multifms_0526\function.cpp(1128): warning C4018: '<': signed 또는 unsigned가 일치하지 않습니다.
c:\users\haneol choi\desktop\multifms_0526\multifms_0526\function.cpp(1182): warning C4018: '<': signed 또는 unsigned가 일치하지 않습니다.
c:\users\haneol choi\desktop\multifms_0526\multifms_0526\function.cpp(1185): warning C4018: '<': signed 또는 unsigned가 일치하지 않습니다.
c:\users\haneol choi\desktop\multifms_0526\multifms_0526\function.cpp(1198): warning C4018: '<': signed 또는 unsigned가 일치하지 않습니다.
c:\users\haneol choi\desktop\multifms_0526\multifms_0526\function.cpp(1217): warning C4018: '<': signed 또는 unsigned가 일치하지 않습니다.
c:\users\haneol choi\desktop\multifms_0526\multifms_0526\function.cpp(1220): warning C4018: '<': signed 또는 unsigned가 일치하지 않습니다.
c:\users\haneol choi\desktop\multifms_0526\multifms_0526\function.cpp(1228): warning C4018: '<': signed 또는 unsigned가 일치하지 않습니다.
c:\users\haneol choi\desktop\multifms_0526\multifms_0526\function.cpp(1231): warning C4018: '<': signed 또는 unsigned가 일치하지 않습니다.
c:\users\haneol choi\desktop\multifms_0526\multifms_0526\function.cpp(1247): warning C4018: '<': signed 또는 unsigned가 일치하지 않습니다.
c:\users\haneol choi\desktop\multifms_0526\multifms_0526\function.cpp(1314): warning C4018: '<': signed 또는 unsigned가 일치하지 않습니다.
c:\users\haneol choi\desktop\multifms_0526\multifms_0526\function.cpp(1341): warning C4018: '<': signed 또는 unsigned가 일치하지 않습니다.
c:\users\haneol choi\desktop\multifms_0526\multifms_0526\function.cpp(1368): warning C4018: '<': signed 또는 unsigned가 일치하지 않습니다.
c:\users\haneol choi\desktop\multifms_0526\multifms_0526\function.cpp(1445): warning C4018: '<': signed 또는 unsigned가 일치하지 않습니다.
c:\users\haneol choi\desktop\multifms_0526\multifms_0526\function.cpp(1454): warning C4018: '<': signed 또는 unsigned가 일치하지 않습니다.
c:\users\haneol choi\desktop\multifms_0526\multifms_0526\function.cpp(1496): warning C4018: '<': signed 또는 unsigned가 일치하지 않습니다.
c:\users\haneol choi\desktop\multifms_0526\multifms_0526\function.cpp(1505): warning C4018: '<': signed 또는 unsigned가 일치하지 않습니다.
c:\users\haneol choi\desktop\multifms_0526\multifms_0526\function.cpp(1516): warning C4018: '<': signed 또는 unsigned가 일치하지 않습니다.
c:\users\haneol choi\desktop\multifms_0526\multifms_0526\function.cpp(1541): warning C4018: '<': signed 또는 unsigned가 일치하지 않습니다.
c:\users\haneol choi\desktop\multifms_0526\multifms_0526\function.cpp(1569): warning C4018: '<': signed 또는 unsigned가 일치하지 않습니다.
c:\users\haneol choi\desktop\multifms_0526\multifms_0526\function.cpp(1627): warning C4018: '<': signed 또는 unsigned가 일치하지 않습니다.
c:\users\haneol choi\desktop\multifms_0526\multifms_0526\function.cpp(1668): warning C4018: '<': signed 또는 unsigned가 일치하지 않습니다.
c:\users\haneol choi\desktop\multifms_0526\multifms_0526\function.cpp(1707): warning C4018: '<': signed 또는 unsigned가 일치하지 않습니다.
c:\users\haneol choi\desktop\multifms_0526\multifms_0526\function.cpp(1751): warning C4018: '<': signed 또는 unsigned가 일치하지 않습니다.
c:\users\haneol choi\desktop\multifms_0526\multifms_0526\function.cpp(1754): warning C4018: '<': signed 또는 unsigned가 일치하지 않습니다.
c:\users\haneol choi\desktop\multifms_0526\multifms_0526\function.cpp(1767): warning C4018: '<': signed 또는 unsigned가 일치하지 않습니다.
c:\users\haneol choi\desktop\multifms_0526\multifms_0526\function.cpp(1784): warning C4018: '<': signed 또는 unsigned가 일치하지 않습니다.
c:\users\haneol choi\desktop\multifms_0526\multifms_0526\function.cpp(1787): warning C4018: '<': signed 또는 unsigned가 일치하지 않습니다.
c:\users\haneol choi\desktop\multifms_0526\multifms_0526\function.cpp(1797): warning C4018: '<': signed 또는 unsigned가 일치하지 않습니다.
c:\users\haneol choi\desktop\multifms_0526\multifms_0526\function.cpp(1800): warning C4018: '<': signed 또는 unsigned가 일치하지 않습니다.
c:\users\haneol choi\desktop\multifms_0526\multifms_0526\function.cpp(1816): warning C4018: '<': signed 또는 unsigned가 일치하지 않습니다.
c:\users\haneol choi\desktop\multifms_0526\multifms_0526\function.cpp(1894): warning C4018: '<': signed 또는 unsigned가 일치하지 않습니다.
c:\users\haneol choi\desktop\multifms_0526\multifms_0526\function.cpp(1897): warning C4018: '<': signed 또는 unsigned가 일치하지 않습니다.
c:\users\haneol choi\desktop\multifms_0526\multifms_0526\function.cpp(1915): warning C4018: '<': signed 또는 unsigned가 일치하지 않습니다.
c:\users\haneol choi\desktop\multifms_0526\multifms_0526\function.cpp(1918): warning C4018: '<': signed 또는 unsigned가 일치하지 않습니다.
c:\users\haneol choi\desktop\multifms_0526\multifms_0526\function.cpp(1936): warning C4018: '<': signed 또는 unsigned가 일치하지 않습니다.
c:\users\haneol choi\desktop\multifms_0526\multifms_0526\function.cpp(1939): warning C4018: '<': signed 또는 unsigned가 일치하지 않습니다.
c:\users\haneol choi\desktop\multifms_0526\multifms_0526\function.cpp(1958): warning C4018: '<': signed 또는 unsigned가 일치하지 않습니다.
c:\users\haneol choi\desktop\multifms_0526\multifms_0526\function.cpp(1961): warning C4018: '<': signed 또는 unsigned가 일치하지 않습니다.
c:\users\haneol choi\desktop\multifms_0526\multifms_0526\function.cpp(2129): warning C4018: '<': signed 또는 unsigned가 일치하지 않습니다.
c:\users\haneol choi\desktop\multifms_0526\multifms_0526\function.cpp(2132): warning C4018: '<': signed 또는 unsigned가 일치하지 않습니다.
c:\users\haneol choi\desktop\multifms_0526\multifms_0526\function.cpp(2146): warning C4018: '<': signed 또는 unsigned가 일치하지 않습니다.
c:\users\haneol choi\desktop\multifms_0526\multifms_0526\function.cpp(2155): warning C4018: '<': signed 또는 unsigned가 일치하지 않습니다.
c:\users\haneol choi\desktop\multifms_0526\multifms_0526\function.cpp(2163): warning C4018: '<': signed 또는 unsigned가 일치하지 않습니다.
c:\users\haneol choi\desktop\multifms_0526\multifms_0526\function.cpp(2173): warning C4018: '<': signed 또는 unsigned가 일치하지 않습니다.
c:\users\haneol choi\desktop\multifms_0526\multifms_0526\function.cpp(2176): warning C4018: '<': signed 또는 unsigned가 일치하지 않습니다.
c:\users\haneol choi\desktop\multifms_0526\multifms_0526\function.cpp(2195): warning C4018: '<': signed 또는 unsigned가 일치하지 않습니다.
c:\users\haneol choi\desktop\multifms_0526\multifms_0526\function.cpp(2197): warning C4018: '<': signed 또는 unsigned가 일치하지 않습니다.
c:\users\haneol choi\desktop\multifms_0526\multifms_0526\function.cpp(2202): warning C4018: '<': signed 또는 unsigned가 일치하지 않습니다.
c:\users\haneol choi\desktop\multifms_0526\multifms_0526\function.cpp(2204): warning C4018: '<': signed 또는 unsigned가 일치하지 않습니다.
c:\users\haneol choi\desktop\multifms_0526\multifms_0526\function.cpp(2294): warning C4018: '<': signed 또는 unsigned가 일치하지 않습니다.
c:\users\haneol choi\desktop\multifms_0526\multifms_0526\function.cpp(2296): warning C4018: '<': signed 또는 unsigned가 일치하지 않습니다.
c:\users\haneol choi\desktop\multifms_0526\multifms_0526\function.cpp(2354): warning C4018: '<': signed 또는 unsigned가 일치하지 않습니다.
c:\users\haneol choi\desktop\multifms_0526\multifms_0526\function.cpp(2365): warning C4018: '<': signed 또는 unsigned가 일치하지 않습니다.
c:\users\haneol choi\desktop\multifms_0526\multifms_0526\function.cpp(2367): warning C4018: '<': signed 또는 unsigned가 일치하지 않습니다.
c:\users\haneol choi\desktop\multifms_0526\multifms_0526\function.cpp(2379): warning C4018: '<': signed 또는 unsigned가 일치하지 않습니다.
c:\users\haneol choi\desktop\multifms_0526\multifms_0526\function.cpp(2382): warning C4018: '<': signed 또는 unsigned가 일치하지 않습니다.
c:\users\haneol choi\desktop\multifms_0526\multifms_0526\function.cpp(2394): warning C4018: '<': signed 또는 unsigned가 일치하지 않습니다.
c:\users\haneol choi\desktop\multifms_0526\multifms_0526\function.cpp(2397): warning C4018: '<': signed 또는 unsigned가 일치하지 않습니다.
c:\users\haneol choi\desktop\multifms_0526\multifms_0526\function.cpp(2407): warning C4553: '==': 식의 결과가 사용되지 않습니다. '='을(를) 의도했습니까?
c:\users\haneol choi\desktop\multifms_0526\multifms_0526\function.cpp(2423): warning C4018: '<': signed 또는 unsigned가 일치하지 않습니다.
c:\users\haneol choi\desktop\multifms_0526\multifms_0526\function.cpp(2426): warning C4018: '<': signed 또는 unsigned가 일치하지 않습니다.
c:\users\haneol choi\desktop\multifms_0526\multifms_0526\function.cpp(2474): warning C4018: '<': signed 또는 unsigned가 일치하지 않습니다.
c:\users\haneol choi\desktop\multifms_0526\multifms_0526\function.cpp(2482): warning C4018: '<': signed 또는 unsigned가 일치하지 않습니다.
c:\users\haneol choi\desktop\multifms_0526\multifms_0526\function.cpp(2490): warning C4018: '<': signed 또는 unsigned가 일치하지 않습니다.
c:\users\haneol choi\desktop\multifms_0526\multifms_0526\function.cpp(2501): warning C4018: '<': signed 또는 unsigned가 일치하지 않습니다.
c:\users\haneol choi\desktop\multifms_0526\multifms_0526\function.cpp(2504): warning C4018: '<': signed 또는 unsigned가 일치하지 않습니다.
c:\users\haneol choi\desktop\multifms_0526\multifms_0526\function.cpp(2522): warning C4018: '<': signed 또는 unsigned가 일치하지 않습니다.
c:\users\haneol choi\desktop\multifms_0526\multifms_0526\function.cpp(2525): warning C4018: '<': signed 또는 unsigned가 일치하지 않습니다.
c:\users\haneol choi\desktop\multifms_0526\multifms_0526\function.cpp(2547): warning C4018: '<': signed 또는 unsigned가 일치하지 않습니다.
c:\users\haneol choi\desktop\multifms_0526\multifms_0526\function.cpp(2557): warning C4018: '<': signed 또는 unsigned가 일치하지 않습니다.
c:\users\haneol choi\desktop\multifms_0526\multifms_0526\function.cpp(2568): warning C4018: '<': signed 또는 unsigned가 일치하지 않습니다.
c:\users\haneol choi\desktop\multifms_0526\multifms_0526\function.cpp(2570): warning C4018: '<': signed 또는 unsigned가 일치하지 않습니다.
c:\users\haneol choi\desktop\multifms_0526\multifms_0526\function.cpp(2612): warning C4018: '<': signed 또는 unsigned가 일치하지 않습니다.
c:\users\haneol choi\desktop\multifms_0526\multifms_0526\function.cpp(2615): warning C4018: '<': signed 또는 unsigned가 일치하지 않습니다.
c:\users\haneol choi\desktop\multifms_0526\multifms_0526\function.cpp(2635): warning C4018: '<': signed 또는 unsigned가 일치하지 않습니다.
c:\users\haneol choi\desktop\multifms_0526\multifms_0526\function.cpp(2638): warning C4018: '<': signed 또는 unsigned가 일치하지 않습니다.
c:\users\haneol choi\desktop\multifms_0526\multifms_0526\function.cpp(2670): warning C4018: '<': signed 또는 unsigned가 일치하지 않습니다.
c:\users\haneol choi\desktop\multifms_0526\multifms_0526\function.cpp(2673): warning C4018: '<': signed 또는 unsigned가 일치하지 않습니다.
c:\users\haneol choi\desktop\multifms_0526\multifms_0526\function.cpp(2709): warning C4018: '<': signed 또는 unsigned가 일치하지 않습니다.
c:\users\haneol choi\desktop\multifms_0526\multifms_0526\function.cpp(2716): warning C4018: '<': signed 또는 unsigned가 일치하지 않습니다.
c:\users\haneol choi\desktop\multifms_0526\multifms_0526\function.cpp(2776): warning C4018: '<': signed 또는 unsigned가 일치하지 않습니다.
c:\users\haneol choi\desktop\multifms_0526\multifms_0526\function.cpp(2825): warning C4018: '<': signed 또는 unsigned가 일치하지 않습니다.
c:\users\haneol choi\desktop\multifms_0526\multifms_0526\function.cpp(2828): warning C4018: '<': signed 또는 unsigned가 일치하지 않습니다.
c:\users\haneol choi\desktop\multifms_0526\multifms_0526\function.cpp(2850): warning C4018: '<': signed 또는 unsigned가 일치하지 않습니다.
c:\users\haneol choi\desktop\multifms_0526\multifms_0526\function.cpp(2873): warning C4018: '<': signed 또는 unsigned가 일치하지 않습니다.
c:\users\haneol choi\desktop\multifms_0526\multifms_0526\function.cpp(2876): warning C4018: '<': signed 또는 unsigned가 일치하지 않습니다.
c:\users\haneol choi\desktop\multifms_0526\multifms_0526\function.cpp(2896): warning C4018: '<': signed 또는 unsigned가 일치하지 않습니다.
c:\users\haneol choi\desktop\multifms_0526\multifms_0526\function.cpp(2978): warning C4018: '<': signed 또는 unsigned가 일치하지 않습니다.
c:\users\haneol choi\desktop\multifms_0526\multifms_0526\function.cpp(2981): warning C4018: '<': signed 또는 unsigned가 일치하지 않습니다.
c:\users\haneol choi\desktop\multifms_0526\multifms_0526\function.cpp(3004): warning C4018: '<': signed 또는 unsigned가 일치하지 않습니다.
c:\users\haneol choi\desktop\multifms_0526\multifms_0526\function.cpp(3030): warning C4018: '<': signed 또는 unsigned가 일치하지 않습니다.
c:\users\haneol choi\desktop\multifms_0526\multifms_0526\function.cpp(3033): warning C4018: '<': signed 또는 unsigned가 일치하지 않습니다.
c:\users\haneol choi\desktop\multifms_0526\multifms_0526\function.cpp(3053): warning C4018: '<': signed 또는 unsigned가 일치하지 않습니다.
c:\users\haneol choi\desktop\multifms_0526\multifms_0526\function.cpp(3129): warning C4018: '<': signed 또는 unsigned가 일치하지 않습니다.
c:\users\haneol choi\desktop\multifms_0526\multifms_0526\function.cpp(3132): warning C4018: '<': signed 또는 unsigned가 일치하지 않습니다.
c:\users\haneol choi\desktop\multifms_0526\multifms_0526\function.cpp(3155): warning C4018: '<': signed 또는 unsigned가 일치하지 않습니다.
c:\users\haneol choi\desktop\multifms_0526\multifms_0526\function.cpp(3178): warning C4018: '<': signed 또는 unsigned가 일치하지 않습니다.
c:\users\haneol choi\desktop\multifms_0526\multifms_0526\function.cpp(3181): warning C4018: '<': signed 또는 unsigned가 일치하지 않습니다.
c:\users\haneol choi\desktop\multifms_0526\multifms_0526\function.cpp(3201): warning C4018: '<': signed 또는 unsigned가 일치하지 않습니다.
c:\users\haneol choi\desktop\multifms_0526\multifms_0526\function.cpp(3346): warning C4018: '<': signed 또는 unsigned가 일치하지 않습니다.
c:\users\haneol choi\desktop\multifms_0526\multifms_0526\function.cpp(3375): warning C4477: 'printf' : 서식 문자열 '%d'에 'int' 형식의 인수가 필요하지만 variadic 인수 2의 형식이 'time_t'입니다.
  c:\users\haneol choi\desktop\multifms_0526\multifms_0526\function.cpp(3375): note: 서식 문자열에서 '%lld'을(를) 사용하는 것이 좋습니다.
  c:\users\haneol choi\desktop\multifms_0526\multifms_0526\function.cpp(3375): note: 서식 문자열에서 '%I64d'을(를) 사용하는 것이 좋습니다.
c:\users\haneol choi\desktop\multifms_0526\multifms_0526\function.cpp(3376): warning C4018: '<': signed 또는 unsigned가 일치하지 않습니다.
c:\users\haneol choi\desktop\multifms_0526\multifms_0526\function.cpp(3379): warning C4018: '<': signed 또는 unsigned가 일치하지 않습니다.
c:\users\haneol choi\desktop\multifms_0526\multifms_0526\function.cpp(3441): warning C4018: '<': signed 또는 unsigned가 일치하지 않습니다.
c:\users\haneol choi\desktop\multifms_0526\multifms_0526\function.cpp(3465): warning C4018: '<': signed 또는 unsigned가 일치하지 않습니다.
c:\users\haneol choi\desktop\multifms_0526\multifms_0526\function.cpp(3489): warning C4018: '<': signed 또는 unsigned가 일치하지 않습니다.
c:\users\haneol choi\desktop\multifms_0526\multifms_0526\function.cpp(3513): warning C4018: '<': signed 또는 unsigned가 일치하지 않습니다.
c:\users\haneol choi\desktop\multifms_0526\multifms_0526\function.cpp(3567): warning C4018: '<': signed 또는 unsigned가 일치하지 않습니다.
c:\users\haneol choi\desktop\multifms_0526\multifms_0526\function.cpp(3571): warning C4018: '<': signed 또는 unsigned가 일치하지 않습니다.
c:\users\haneol choi\desktop\multifms_0526\multifms_0526\function.cpp(3573): warning C4018: '<': signed 또는 unsigned가 일치하지 않습니다.
c:\users\haneol choi\desktop\multifms_0526\multifms_0526\function.cpp(3575): warning C4018: '<': signed 또는 unsigned가 일치하지 않습니다.
c:\users\haneol choi\desktop\multifms_0526\multifms_0526\function.cpp(3577): warning C4018: '<': signed 또는 unsigned가 일치하지 않습니다.
c:\users\haneol choi\desktop\multifms_0526\multifms_0526\function.cpp(3595): warning C4018: '<': signed 또는 unsigned가 일치하지 않습니다.
c:\users\haneol choi\desktop\multifms_0526\multifms_0526\function.cpp(3597): warning C4018: '<': signed 또는 unsigned가 일치하지 않습니다.
c:\users\haneol choi\desktop\multifms_0526\multifms_0526\function.cpp(3799): warning C4018: '<': signed 또는 unsigned가 일치하지 않습니다.
c:\users\haneol choi\desktop\multifms_0526\multifms_0526\function.cpp(3748): warning C4101: 'cc' :참조되지 않은 지역 변수입니다.
c:\users\haneol choi\desktop\multifms_0526\multifms_0526\function.cpp(3748): warning C4101: 'c' :참조되지 않은 지역 변수입니다.
c:\users\haneol choi\desktop\multifms_0526\multifms_0526\function.cpp(3748): warning C4101: 'ccc' :참조되지 않은 지역 변수입니다.
c:\users\haneol choi\desktop\multifms_0526\multifms_0526\function.cpp(3912): warning C4018: '<': signed 또는 unsigned가 일치하지 않습니다.
c:\users\haneol choi\desktop\multifms_0526\multifms_0526\function.cpp(3918): warning C4018: '<': signed 또는 unsigned가 일치하지 않습니다.
c:\users\haneol choi\desktop\multifms_0526\multifms_0526\function.cpp(3924): warning C4018: '<': signed 또는 unsigned가 일치하지 않습니다.
c:\users\haneol choi\desktop\multifms_0526\multifms_0526\function.cpp(3930): warning C4018: '<': signed 또는 unsigned가 일치하지 않습니다.
c:\users\haneol choi\desktop\multifms_0526\multifms_0526\function.cpp(3940): warning C4018: '<': signed 또는 unsigned가 일치하지 않습니다.
c:\users\haneol choi\desktop\multifms_0526\multifms_0526\function.cpp(3945): warning C4018: '<': signed 또는 unsigned가 일치하지 않습니다.
c:\users\haneol choi\desktop\multifms_0526\multifms_0526\function.cpp(3950): warning C4018: '<': signed 또는 unsigned가 일치하지 않습니다.
c:\users\haneol choi\desktop\multifms_0526\multifms_0526\function.cpp(3985): warning C4018: '<': signed 또는 unsigned가 일치하지 않습니다.
c:\users\haneol choi\desktop\multifms_0526\multifms_0526\function.cpp(3989): warning C4018: '<': signed 또는 unsigned가 일치하지 않습니다.
c:\users\haneol choi\desktop\multifms_0526\multifms_0526\function.cpp(3998): warning C4018: '<': signed 또는 unsigned가 일치하지 않습니다.
c:\users\haneol choi\desktop\multifms_0526\multifms_0526\function.cpp(4003): warning C4018: '<': signed 또는 unsigned가 일치하지 않습니다.
c:\users\haneol choi\desktop\multifms_0526\multifms_0526\function.cpp(4008): warning C4018: '<': signed 또는 unsigned가 일치하지 않습니다.
c:\users\haneol choi\desktop\multifms_0526\multifms_0526\function.cpp(4043): warning C4018: '<': signed 또는 unsigned가 일치하지 않습니다.
c:\users\haneol choi\desktop\multifms_0526\multifms_0526\function.cpp(4047): warning C4018: '<': signed 또는 unsigned가 일치하지 않습니다.
c:\users\haneol choi\desktop\multifms_0526\multifms_0526\function.cpp(4057): warning C4018: '<': signed 또는 unsigned가 일치하지 않습니다.
c:\users\haneol choi\desktop\multifms_0526\multifms_0526\function.cpp(4062): warning C4018: '<': signed 또는 unsigned가 일치하지 않습니다.
c:\users\haneol choi\desktop\multifms_0526\multifms_0526\function.cpp(4067): warning C4018: '<': signed 또는 unsigned가 일치하지 않습니다.
c:\users\haneol choi\desktop\multifms_0526\multifms_0526\function.cpp(4102): warning C4018: '<': signed 또는 unsigned가 일치하지 않습니다.
c:\users\haneol choi\desktop\multifms_0526\multifms_0526\function.cpp(4106): warning C4018: '<': signed 또는 unsigned가 일치하지 않습니다.
c:\users\haneol choi\desktop\multifms_0526\multifms_0526\function.cpp(4118): warning C4018: '<': signed 또는 unsigned가 일치하지 않습니다.
c:\users\haneol choi\desktop\multifms_0526\multifms_0526\function.cpp(4123): warning C4018: '<': signed 또는 unsigned가 일치하지 않습니다.
c:\users\haneol choi\desktop\multifms_0526\multifms_0526\function.cpp(4128): warning C4018: '<': signed 또는 unsigned가 일치하지 않습니다.
c:\users\haneol choi\desktop\multifms_0526\multifms_0526\function.cpp(4163): warning C4018: '<': signed 또는 unsigned가 일치하지 않습니다.
c:\users\haneol choi\desktop\multifms_0526\multifms_0526\function.cpp(4167): warning C4018: '<': signed 또는 unsigned가 일치하지 않습니다.
  MultiFMS_0526.vcxproj -> C:\Users\Haneol Choi\Desktop\MultiFMS_0526\Debug\MultiFMS_0526.exe
